"../../../../../UE4_Projects_D/RELEASES/Reactive_Water - for4-20/Content/_Marvelmaster_infinite_reactive_water_/Materials/BasicMaterials/debug_mat_Inner.uasset" 0
"../../../../../UE4_Projects_D/RELEASES/Reactive_Water - for4-20/Content/_Marvelmaster_infinite_reactive_water_/Materials/BasicMaterials/debug_mat_outer.uasset" 1
"../../../../../UE4_Projects_D/RELEASES/Reactive_Water - for4-20/Content/_Marvelmaster_infinite_reactive_water_/PlaneMeshes/WaterPlaneForDisplacementOnly.uasset" 2
"../../../Engine/Content/Functions/Engine_MaterialFunctions01/Opacity/CameraDepthFade.uasset" 3
"../../../Engine/Content/EngineMaterials/T_Default_Material_Grid_M.uasset" 4
"../../../Engine/Content/EngineMaterials/T_Default_Material_Grid_N.uasset" 5
"../../../Engine/Content/EngineMaterials/WorldGridMaterial.uasset" 6
"../../../Engine/Content/ArtTools/RenderToTexture/Meshes/S_1_Unit_Plane.uasset" 7
"../../../Engine/Content/EngineMaterials/DefaultMaterial.uasset" 8
"../../../Engine/Content/BasicShapes/Cylinder.uasset" 9
"../../../Engine/Content/BasicShapes/Plane.uasset" 10
"../../../Engine/Content/EditorLandscapeResources/DataLayer.uasset" 11
"../../../Engine/Content/EditorMaterials/GizmoMaterial.uasset" 12
"../../../Engine/Content/EditorMaterials/MAT_Groups_Toggle.uasset" 13
"../../../Engine/Content/EditorMaterials/MAT_Groups_Visibility.uasset" 14
"../../../Engine/Content/EditorMaterials/PreviewShadowIndicator.uasset" 15
"../../../Engine/Content/EditorMaterials/PreviewShadowIndicatorMaterial.uasset" 16
"../../../Engine/Content/EditorMaterials/MatineeGroups/MAT_ColorTrack.uasset" 17
"../../../Engine/Content/EditorMaterials/MatineeGroups/MAT_Groups_Anim.uasset" 18
"../../../Engine/Content/EditorMaterials/MatineeGroups/MAT_Groups_AudioMaster.uasset" 19
"../../../Engine/Content/EditorMaterials/MatineeGroups/MAT_Groups_Director.uasset" 20
"../../../Engine/Content/EditorMaterials/MatineeGroups/MAT_Groups_Event.uasset" 21
"../../../Engine/Content/EditorMaterials/MatineeGroups/MAT_Groups_Fade.uasset" 22
"../../../Engine/Content/EditorMaterials/MatineeGroups/MAT_Groups_Float.uasset" 23
"../../../Engine/Content/EditorMaterials/MatineeGroups/MAT_Groups_Move.uasset" 24
"../../../Engine/Content/EditorMaterials/MatineeGroups/MAT_Groups_Slomo.uasset" 25
"../../../Engine/Content/EditorMaterials/MatineeGroups/MAT_Groups_Sound.uasset" 26
"../../../Engine/Content/EditorMaterials/MatineeGroups/MAT_Groups_Vector.uasset" 27
"../../../Engine/Content/EditorMaterials/ParticleSystems/PSysThumbnail_NoImage.uasset" 28
"../../../Engine/Content/EditorMaterials/ParticleSystems/PSysThumbnail_OOD.uasset" 29
"../../../Engine/Content/EditorMaterials/Camera/CineMat.uasset" 30
"../../../Engine/Content/EditorMaterials/Camera/MI_CineMat_Rig.uasset" 31
"../../../Engine/Content/EditorMeshes/Camera/SM_CraneRig_Arm.uasset" 32
"../../../Engine/Content/EditorMeshes/Camera/SM_CraneRig_Base.uasset" 33
"../../../Engine/Content/EditorMeshes/Camera/SM_CraneRig_Body.uasset" 34
"../../../Engine/Content/EditorMeshes/Camera/SM_CraneRig_Mount.uasset" 35
"../../../Engine/Content/EditorMeshes/Camera/SM_RailRig_Mount.uasset" 36
"../../../Engine/Content/EditorMeshes/Camera/SM_RailRig_Track.uasset" 37
"../../../Engine/Content/EditorResources/BSPVertex.uasset" 38
"../../../Engine/Content/EditorResources/EmptyActor.uasset" 39
"../../../Engine/Content/EditorResources/S_Actor.uasset" 40
"../../../Engine/Content/EditorResources/S_Trigger.uasset" 41
"../../../Engine/Content/EditorResources/AudioIcons/S_AudioComponent_AutoActivate.uasset" 42
"../../../Engine/Content/EditorResources/LightIcons/S_LightError.uasset" 43
"../../../Engine/Content/EditorResources/SequenceRecorder/Countdown.uasset" 44
"../../../Engine/Content/EditorResources/SequenceRecorder/RecordingIndicator.uasset" 45
"../../../Engine/Content/EditorSounds/Notifications/CompileFailed.uasset" 46
"../../../Engine/Content/EditorSounds/Notifications/CompileFailed_Cue.uasset" 47
"../../../Engine/Content/EditorSounds/Notifications/CompileSuccess.uasset" 48
"../../../Engine/Content/EditorSounds/Notifications/CompileStart_Cue.uasset" 49
"../../../Engine/Content/EditorSounds/Notifications/CompileSuccess_Cue.uasset" 50
"../../../Engine/Content/EngineDamageTypes/DmgTypeBP_Environmental.uasset" 51
"../../../Engine/Content/EngineDebugMaterials/HeatmapGradient.uasset" 52
"../../../Engine/Content/EngineDebugMaterials/BoneWeightMaterial.uasset" 53
"../../../Engine/Content/EngineDebugMaterials/ClothMaterial.uasset" 54
"../../../Engine/Content/EngineDebugMaterials/ClothMaterial_WF.uasset" 55
"../../../Engine/Content/EngineDebugMaterials/DebugEditorMaterial.uasset" 56
"../../../Engine/Content/EngineDebugMaterials/DebugMeshMaterial.uasset" 57
"../../../Engine/Content/EngineDebugMaterials/GeomMaterial.uasset" 58
"../../../Engine/Content/EngineDebugMaterials/M_SimpleTranslucent.uasset" 59
"../../../Engine/Content/EngineFonts/Faces/RobotoBold.uasset" 60
"../../../Engine/Content/EngineFonts/Faces/RobotoBoldItalic.uasset" 61
"../../../Engine/Content/EngineFonts/Faces/RobotoItalic.uasset" 62
"../../../Engine/Content/EngineFonts/Faces/RobotoLight.uasset" 63
"../../../Engine/Content/EngineFonts/Faces/RobotoRegular.uasset" 64
"../../../Engine/Content/EngineFonts/Roboto.uasset" 65
"../../../Engine/Content/EngineFonts/Faces/RobotoTiny.uasset" 66
"../../../Engine/Content/EngineFonts/RobotoTiny.uasset" 67
"../../../Engine/Content/EngineMaterials/BaseFlattenDiffuseMap.uasset" 68
"../../../Engine/Content/EngineMaterials/BaseFlattenEmissiveMap.uasset" 69
"../../../Engine/Content/EngineMaterials/BaseFlattenGrayscaleMap.uasset" 70
"../../../Engine/Content/EngineMaterials/BaseFlattenNormalMap.uasset" 71
"../../../Engine/Content/EngineMaterials/BaseFlattenMaterial.uasset" 72
"../../../Engine/Content/EngineMaterials/DefaultBloomKernel.uasset" 73
"../../../Engine/Content/EngineMaterials/DefaultBokeh.uasset" 74
"../../../Engine/Content/EngineMaterials/DefaultDiffuse.uasset" 75
"../../../Engine/Content/EngineMaterials/DefaultDeferredDecalMaterial.uasset" 76
"../../../Engine/Content/EngineMaterials/DefaultLightFunctionMaterial.uasset" 77
"../../../Engine/Content/Functions/Engine_MaterialFunctions02/Utility/BreakOutFloat2Components.uasset" 78
"../../../Engine/Content/EngineMaterials/DefaultPostProcessMaterial.uasset" 79
"../../../Engine/Content/EngineFonts/RobotoDistanceField.uasset" 80
"../../../Engine/Content/EngineMaterials/DefaultTextMaterialOpaque.uasset" 81
"../../../Engine/Content/EngineMaterials/DefaultWhiteGrid.uasset" 82
"../../../Engine/Content/EngineMaterials/EditorBrushMaterial.uasset" 83
"../../../Engine/Content/EngineMaterials/Good64x64TilingNoiseHighFreq.uasset" 84
"../../../Engine/Content/EngineMaterials/MiniFont.uasset" 85
"../../../Engine/Content/EngineMaterials/InvalidLightmapSettings.uasset" 86
"../../../Engine/Content/EngineMaterials/M_InvalidLightmapSettings.uasset" 87
"../../../Engine/Content/Functions/Engine_MaterialFunctions02/WorldPositionOffset/CameraOffset.uasset" 88
"../../../Engine/Content/EngineMaterials/PhAT_JointLimitMaterial.uasset" 89
"../../../Engine/Content/EngineMaterials/PreintegratedSkinBRDF.uasset" 90
"../../../Engine/Content/EngineMaterials/RemoveSurfaceMaterial.uasset" 91
"../../../Engine/Content/EngineMaterials/WeightMapPlaceholderTexture.uasset" 92
"../../../Engine/Content/EngineResources/WhiteSquareTexture.uasset" 93
"../../../Engine/Content/EngineMaterials/Widget3DPassThrough.uasset" 94
"../../../Engine/Content/EngineMaterials/Widget3DPassThrough_Masked.uasset" 95
"../../../Engine/Content/EngineMaterials/Widget3DPassThrough_Opaque.uasset" 96
"../../../Engine/Content/EngineMaterials/Widget3DPassThrough_Masked_OneSided.uasset" 97
"../../../Engine/Content/EngineMaterials/Widget3DPassThrough_Opaque_OneSided.uasset" 98
"../../../Engine/Content/EngineMaterials/Widget3DPassThrough_Translucent.uasset" 99
"../../../Engine/Content/EngineMaterials/Widget3DPassThrough_Translucent_OneSided.uasset" 100
"../../../Engine/Content/EngineMeshes/Cylinder.uasset" 101
"../../../Engine/Content/EngineMeshes/Sphere.uasset" 102
"../../../Engine/Content/EngineResources/Black.uasset" 103
"../../../Engine/Content/EngineResources/DefaultTexture.uasset" 104
"../../../Engine/Content/EngineResources/DefaultTextureCube.uasset" 105
"../../../Engine/Content/EngineResources/DefaultVolumeTexture2D.uasset" 106
"../../../Engine/Content/EngineResources/DefaultVolumeTexture.uasset" 107
"../../../Engine/Content/EngineResources/GradientTexture0.uasset" 108
"../../../Engine/Content/EngineSounds/Master.uasset" 109
"../../../Engine/Content/Functions/Engine_MaterialFunctions01/Shading/ConvertFromDiffSpec.uasset" 110
"../../../Engine/Content/Functions/Engine_MaterialFunctions01/Shading/PowerToRoughness.uasset" 111
"../../../Engine/Content/Maps/Templates/Thumbnails/Default.uasset" 112
"../../../Engine/Content/Maps/Templates/Thumbnails/VR-Basic.uasset" 113
"../../../Engine/Content/MobileResources/T_MobileControls_texture.uasset" 114
"../../../Engine/Content/MobileResources/T_MobileMenu2.uasset" 115
"../../../Engine/Content/MobileResources/HUD/AnalogHat.uasset" 116
"../../../Engine/Content/MobileResources/HUD/VirtualJoystick_Background.uasset" 117
"../../../Engine/Content/MobileResources/HUD/VirtualJoystick_Thumb.uasset" 118
"../../../Engine/Content/MobileResources/HUD/DefaultVirtualJoysticks.uasset" 119
"../../../Engine/Content/MobileResources/HUD/LeftVirtualJoystickOnly.uasset" 120
"../../../Engine/Content/MobileResources/HUD/MobileHUDButton1_off.uasset" 121
"../../../Engine/Content/MobileResources/HUD/MobileHUDButton1_on.uasset" 122
"../../../Engine/Content/MobileResources/HUD/MobileHUDButton2_off.uasset" 123
"../../../Engine/Content/MobileResources/HUD/MobileHUDButton2_on.uasset" 124
"../../../Engine/Content/MobileResources/HUD/MobileHUDButton3.uasset" 125
"../../../Engine/Content/MobileResources/HUD/MobileHUDButtonFire.uasset" 126
"../../../Engine/Content/MobileResources/HUD/MobileHUDDirectionPad.uasset" 127
"../../../Engine/Content/MobileResources/HUD/MobileHUDDirectionPad2.uasset" 128
"../../../Engine/Content/MobileResources/HUD/MobileHUDDirectionPad3.uasset" 129
"../../../Engine/Content/MobileResources/HUD/MobileHUDDirectionStick.uasset" 130
"../../../Engine/Content/MobileResources/HUD/T_Castle_ThumbstickInner.uasset" 131
"../../../Engine/Content/MobileResources/HUD/T_Castle_ThumbstickOutter.uasset" 132
"../../../Engine/Content/Tutorial/ContentIntroCurve.uasset" 133
"../../../Engine/Content/VREditor/LaserPointer/VR_LaserPower_01.uasset" 134
"../../../Engine/Content/VREditor/TransformGizmo/TransformGizmoMaterial.uasset" 135
"../../../Engine/Content/VREditor/TransformGizmo/TranslucentTransformGizmoMaterial.uasset" 136
"../../../Engine/Content/VREditor/TransformGizmo/BoundingBoxCorner.uasset" 137
"../../../Engine/Content/VREditor/TransformGizmo/BoundingBoxEdge.uasset" 138
"../../../Engine/Content/VREditor/TransformGizmo/PlaneTranslationHandle.uasset" 139
"../../../Engine/Content/VREditor/TransformGizmo/Main.uasset" 140
"../../../Engine/Content/VREditor/TransformGizmo/Xray.uasset" 141
"../../../Engine/Content/VREditor/TransformGizmo/SM_Sequencer_Key.uasset" 142
"../../../Engine/Content/VREditor/TransformGizmo/SM_Sequencer_Node.uasset" 143
"../../Plugins/2D/Paper2D/Content/PlaceholderTextures/DummySpriteTexture.uasset" 144
"../../Plugins/2D/Paper2D/Content/DummySprite.uasset" 145
"../../Plugins/2D/Paper2D/Content/DefaultPaperTerrainMaterial.uasset" 146
"../../Plugins/2D/Paper2D/Content/DefaultSpriteMaterial.uasset" 147
"../../Plugins/2D/Paper2D/Content/MaskedUnlitSpriteMaterial.uasset" 148
"../../Plugins/2D/Paper2D/Content/OpaqueUnlitSpriteMaterial.uasset" 149
"../../Plugins/Runtime/Oculus/OculusVR/Content/Materials/PokeAHoleMaterial.uasset" 150
"../../Plugins/Runtime/Oculus/OculusVR/Content/Textures/GearVRController_AO.uasset" 151
"../../Plugins/Runtime/Oculus/OculusVR/Content/Textures/GearVRController_Color.uasset" 152
"../../Plugins/Runtime/Oculus/OculusVR/Content/Textures/GearVRController_Normal.uasset" 153
"../../Plugins/Runtime/Oculus/OculusVR/Content/Materials/GearVRControllerMaterial.uasset" 154
"../../Plugins/Runtime/Oculus/OculusVR/Content/Meshes/GearVrController.uasset" 155
"../../Plugins/Runtime/Oculus/OculusVR/Content/Textures/touchController_albedo.uasset" 156
"../../Plugins/Runtime/Oculus/OculusVR/Content/Textures/touchController_controlmap.uasset" 157
"../../Plugins/Runtime/Oculus/OculusVR/Content/Materials/touchController_mat.uasset" 158
"../../Plugins/Runtime/Oculus/OculusVR/Content/Meshes/LeftTouchController.uasset" 159
"../../Plugins/Runtime/Oculus/OculusVR/Content/Meshes/RiftHMD.uasset" 160
"../../Plugins/Runtime/Oculus/OculusVR/Content/Meshes/RightTouchController.uasset" 161
"../../../Engine/Content/EditorBlueprintResources/StandardMacros.uasset" 162
"../../../Engine/Content/EngineSky/C_Sky_Cloud_Color.uasset" 163
"../../../Engine/Content/EngineSky/C_Sky_Horizon_Color.uasset" 164
"../../../Engine/Content/EngineSky/C_Sky_Zenith_Color.uasset" 165
"../../../Engine/Content/EngineSky/T_Sky_Blue.uasset" 166
"../../../Engine/Content/EngineSky/T_Sky_Clouds_M.uasset" 167
"../../../Engine/Content/EngineSky/T_Sky_Stars.uasset" 168
"../../../Engine/Content/EngineSky/M_Sky_Panning_Clouds2.uasset" 169
"../../../Engine/Content/EngineSky/SM_SkySphere.uasset" 170
"../../../Engine/Content/EngineSky/BP_Sky_Sphere.uasset" 171
"../../../../../UE4_Projects_D/RELEASES/Reactive_Water - for4-20/Content/Mannequin/Character/Mesh/UE4_Mannequin_Skeleton.uasset" 172
"../../../../../UE4_Projects_D/RELEASES/Reactive_Water - for4-20/Content/Mannequin/Animations/ThirdPerson_Jump.uasset" 173
"../../../../../UE4_Projects_D/RELEASES/Reactive_Water - for4-20/Content/Mannequin/Animations/ThirdPersonJump_Loop.uasset" 174
"../../../../../UE4_Projects_D/RELEASES/Reactive_Water - for4-20/Content/Mannequin/Animations/ThirdPersonJump_Start.uasset" 175
"../../../../../UE4_Projects_D/RELEASES/Reactive_Water - for4-20/Content/Mannequin/Animations/ThirdPersonIdle.uasset" 176
"../../../../../UE4_Projects_D/RELEASES/Reactive_Water - for4-20/Content/Mannequin/Animations/ThirdPersonRun.uasset" 177
"../../../../../UE4_Projects_D/RELEASES/Reactive_Water - for4-20/Content/Mannequin/Animations/ThirdPersonWalk.uasset" 178
"../../../../../UE4_Projects_D/RELEASES/Reactive_Water - for4-20/Content/Mannequin/Animations/ThirdPerson_IdleRun_2D.uasset" 179
"../../../../../UE4_Projects_D/RELEASES/Reactive_Water - for4-20/Content/Mannequin/Animations/ThirdPerson_AnimBP.uasset" 180
"../../../Engine/Content/Functions/Engine_MaterialFunctions02/Utility/BlendAngleCorrectedNormals.uasset" 181
"../../../Engine/Content/Functions/MaterialLayerFunctions/MatLayerBlend_NormalBlend.uasset" 182
"../../../Engine/Content/Functions/MaterialLayerFunctions/MatLayerBlend_Simple.uasset" 183
"../../../../../UE4_Projects_D/RELEASES/Reactive_Water - for4-20/Content/Mannequin/Character/Materials/MaterialLayers/T_ML_Rubber_Blue_01_D.uasset" 184
"../../../../../UE4_Projects_D/RELEASES/Reactive_Water - for4-20/Content/Mannequin/Character/Materials/MaterialLayers/T_ML_Rubber_Blue_01_N.uasset" 185
"../../../../../UE4_Projects_D/RELEASES/Reactive_Water - for4-20/Content/Mannequin/Character/Materials/MaterialLayers/ML_GlossyBlack_Latex_UE4.uasset" 186
"../../../../../UE4_Projects_D/RELEASES/Reactive_Water - for4-20/Content/Mannequin/Character/Materials/MaterialLayers/ML_Plastic_Shiny_Beige.uasset" 187
"../../../../../UE4_Projects_D/RELEASES/Reactive_Water - for4-20/Content/Mannequin/Character/Textures/UE4_LOGO_CARD.uasset" 188
"../../../../../UE4_Projects_D/RELEASES/Reactive_Water - for4-20/Content/Mannequin/Character/Materials/MaterialLayers/ML_Plastic_Shiny_Beige_LOGO.uasset" 189
"../../../../../UE4_Projects_D/RELEASES/Reactive_Water - for4-20/Content/Mannequin/Character/Materials/MaterialLayers/T_ML_Aluminum01.uasset" 190
"../../../../../UE4_Projects_D/RELEASES/Reactive_Water - for4-20/Content/Mannequin/Character/Materials/MaterialLayers/T_ML_Aluminum01_N.uasset" 191
"../../../../../UE4_Projects_D/RELEASES/Reactive_Water - for4-20/Content/Mannequin/Character/Materials/MaterialLayers/ML_SoftMetal_UE4.uasset" 192
"../../../../../UE4_Projects_D/RELEASES/Reactive_Water - for4-20/Content/Mannequin/Character/Textures/UE4_Mannequin__normals.uasset" 193
"../../../../../UE4_Projects_D/RELEASES/Reactive_Water - for4-20/Content/Mannequin/Character/Textures/UE4_Mannequin_MAT_MASKA.uasset" 194
"../../../../../UE4_Projects_D/RELEASES/Reactive_Water - for4-20/Content/Mannequin/Character/Materials/M_UE4Man_Body.uasset" 195
"../../../../../UE4_Projects_D/RELEASES/Reactive_Water - for4-20/Content/Mannequin/Character/Textures/UE4Man_Logo_N.uasset" 196
"../../../../../UE4_Projects_D/RELEASES/Reactive_Water - for4-20/Content/Mannequin/Character/Materials/M_UE4Man_ChestLogo.uasset" 197
"../../../../../UE4_Projects_D/RELEASES/Reactive_Water - for4-20/Content/Mannequin/Character/Mesh/SK_Mannequin_PhysicsAsset.uasset" 198
"../../../../../UE4_Projects_D/RELEASES/Reactive_Water - for4-20/Content/Mannequin/Character/Mesh/SK_Mannequin.uasset" 199
"../../../../../UE4_Projects_D/RELEASES/Reactive_Water - for4-20/Content/ThirdPersonBP/Blueprints/ThirdPersonCharacter.uasset" 200
"../../../Engine/Content/BasicShapes/BasicShapeMaterial.uasset" 201
"../../../../../UE4_Projects_D/RELEASES/Reactive_Water - for4-20/Content/_Marvelmaster_infinite_reactive_water_/Materials/BasicMaterials/invisible.uasset" 202
"../../../../../UE4_Projects_D/RELEASES/Reactive_Water - for4-20/Content/_Marvelmaster_infinite_reactive_water_/Materials/ComputeMaterials_and_RenderTargets/ComputeNormal.uasset" 203
"../../../Engine/Content/Functions/Engine_MaterialFunctions02/Utility/VectorLength.uasset" 204
"../../../../../UE4_Projects_D/RELEASES/Reactive_Water - for4-20/Content/_Marvelmaster_infinite_reactive_water_/Materials/ComputeMaterials_and_RenderTargets/ForceSplat.uasset" 205
"../../../../../UE4_Projects_D/RELEASES/Reactive_Water - for4-20/Content/_Marvelmaster_infinite_reactive_water_/Materials/ComputeMaterials_and_RenderTargets/HeightSim.uasset" 206
"../../../Engine/Content/Functions/Engine_MaterialFunctions01/Texturing/FlattenNormal.uasset" 207
"../../../../../UE4_Projects_D/RELEASES/Reactive_Water - for4-20/Content/_Marvelmaster_infinite_reactive_water_/Materials/ComputeMaterials_and_RenderTargets/DefaultHeightfield.uasset" 208
"../../../../../UE4_Projects_D/RELEASES/Reactive_Water - for4-20/Content/_Marvelmaster_infinite_reactive_water_/Materials/ComputeMaterials_and_RenderTargets/DefaultHeightfieldNormal.uasset" 209
"../../../../../UE4_Projects_D/RELEASES/Reactive_Water - for4-20/Content/_Marvelmaster_infinite_reactive_water_/Textures/723-normal.uasset" 210
"../../../../../UE4_Projects_D/RELEASES/Reactive_Water - for4-20/Content/_Marvelmaster_infinite_reactive_water_/Materials/WaterMaterial.uasset" 211
"../../../Engine/Content/VREditor/BasicMeshes/T_CleanFloorGrunge_01_D.uasset" 212
"../../../Engine/Content/VREditor/BasicMeshes/M_Floor_01.uasset" 213
"../../../Engine/Content/VREditor/BasicMeshes/MI_Cube_03.uasset" 214
"../../../../../UE4_Projects_D/RELEASES/Reactive_Water - for4-20/Content/_Marvelmaster_infinite_reactive_water_/Materials/WaterMaterial_Inst_water.uasset" 215
"../../../Engine/Content/BasicShapes/Cube.uasset" 216
"../../../Engine/Content/BasicShapes/Sphere.uasset" 217
"../../../../../UE4_Projects_D/RELEASES/Reactive_Water - for4-20/Content/_Marvelmaster_infinite_reactive_water_/Materials/ComputeMaterials_and_RenderTargets/Height0.uasset" 218
"../../../../../UE4_Projects_D/RELEASES/Reactive_Water - for4-20/Content/_Marvelmaster_infinite_reactive_water_/Materials/ComputeMaterials_and_RenderTargets/Height1.uasset" 219
"../../../../../UE4_Projects_D/RELEASES/Reactive_Water - for4-20/Content/_Marvelmaster_infinite_reactive_water_/Materials/ComputeMaterials_and_RenderTargets/Height2.uasset" 220
"../../../../../UE4_Projects_D/RELEASES/Reactive_Water - for4-20/Content/_Marvelmaster_infinite_reactive_water_/PlaneMeshes/WaterPlaneForNormalOnly.uasset" 221
"../../../../../UE4_Projects_D/RELEASES/Reactive_Water - for4-20/Content/_Marvelmaster_infinite_reactive_water_/WaterSim_BP.uasset" 222
"../../../../../UE4_Projects_D/RELEASES/Reactive_Water - for4-20/Content/_Marvelmaster_infinite_reactive_water_/WaterNoSim_BP.uasset" 223
"../../../../../UE4_Projects_D/RELEASES/Reactive_Water - for4-20/Content/_Marvelmaster_infinite_reactive_water_/Textures/PlaneColliderTexture.uasset" 224
"../../../../../UE4_Projects_D/RELEASES/Reactive_Water - for4-20/Content/_Marvelmaster_infinite_reactive_water_/Materials/BasicMaterials/PlaneCollider_mat.uasset" 225
"../../../Engine/Content/BasicShapes/Cone.uasset" 226
"../../../../../UE4_Projects_D/RELEASES/Reactive_Water - for4-20/Content/_Marvelmaster_infinite_reactive_water_/PlaneMeshes/WaterPlaneForTesselation.uasset" 227
"../../../../../UE4_Projects_D/RELEASES/Reactive_Water - for4-20/Content/_Marvelmaster_infinite_reactive_water_/PlaneMeshes/WaterPlaneNOsim.uasset" 228
"../../../../../UE4_Projects_D/RELEASES/Reactive_Water - for4-20/Content/_Marvelmaster_infinite_reactive_water_/WaterMaster_BP0.uasset" 229
"../../../../../UE4_Projects_D/RELEASES/Reactive_Water - for4-20/Content/ThirdPersonBP/Blueprints/ThirdPersonGameMode.uasset" 230
"../../../Engine/Content/EditorMeshes/ColorCalibrator/M_ChromeBall.uasset" 231
"../../../../../UE4_Projects_D/RELEASES/Reactive_Water - for4-20/Content/_Marvelmaster_infinite_reactive_water_/Textures/cobble_d.uasset" 232
"../../../../../UE4_Projects_D/RELEASES/Reactive_Water - for4-20/Content/_Marvelmaster_infinite_reactive_water_/Textures/cobble_n.uasset" 233
"../../../../../UE4_Projects_D/RELEASES/Reactive_Water - for4-20/Content/_Marvelmaster_infinite_reactive_water_/Materials/BasicMaterials/cobble_d_Mat.uasset" 234
"../../../../../UE4_Projects_D/RELEASES/Reactive_Water - for4-20/Content/_Marvelmaster_infinite_reactive_water_/Materials/BasicMaterials/CubeMaterial.uasset" 235
"../../../../../UE4_Projects_D/RELEASES/Reactive_Water - for4-20/Content/_Marvelmaster_infinite_reactive_water_/Textures/sand_01_Base_Color.uasset" 236
"../../../../../UE4_Projects_D/RELEASES/Reactive_Water - for4-20/Content/_Marvelmaster_infinite_reactive_water_/Textures/sand_01_Height.uasset" 237
"../../../../../UE4_Projects_D/RELEASES/Reactive_Water - for4-20/Content/_Marvelmaster_infinite_reactive_water_/Textures/sand_01_Normal.uasset" 238
"../../../../../UE4_Projects_D/RELEASES/Reactive_Water - for4-20/Content/_Marvelmaster_infinite_reactive_water_/Textures/sand_01_Roughness.uasset" 239
"../../../../../UE4_Projects_D/RELEASES/Reactive_Water - for4-20/Content/_Marvelmaster_infinite_reactive_water_/Textures/sand_01_wet_Roughness.uasset" 240
"../../../../../UE4_Projects_D/RELEASES/Reactive_Water - for4-20/Content/_Marvelmaster_infinite_reactive_water_/Materials/BasicMaterials/sand_01_Mat.uasset" 241
"../../../../../UE4_Projects_D/RELEASES/Reactive_Water - for4-20/Content/_Marvelmaster_infinite_reactive_water_/Materials/BasicMaterials/sand_01_Mat_Inst.uasset" 242
"../../../../../UE4_Projects_D/RELEASES/Reactive_Water - for4-20/Content/_Marvelmaster_infinite_reactive_water_/Materials/WaterMaterial_Inst_green.uasset" 243
"../../../../../UE4_Projects_D/RELEASES/Reactive_Water - for4-20/Content/_Marvelmaster_infinite_reactive_water_/Materials/WaterMaterial_Inst_milk.uasset" 244
"../../../../../UE4_Projects_D/RELEASES/Reactive_Water - for4-20/Content/_Marvelmaster_infinite_reactive_water_/Materials/WaterMaterial_Inst_red.uasset" 245
"../../../Engine/Content/EditorMeshes/PlanarReflectionPlane.uasset" 246
"../../../Engine/Content/EngineMaterials/DefaultPhysicalMaterial.uasset" 247
"../../../../../UE4_Projects_D/RELEASES/Reactive_Water - for4-20/Content/_Marvelmaster_infinite_reactive_water_/Particles/399157__strathamer__rainy-day.uasset" 248
"../../../Engine/Content/Functions/Engine_MaterialFunctions01/Density/ExponentialDensity.uasset" 249
"../../../Engine/Content/Functions/Engine_MaterialFunctions01/Gradient/RadialGradientExponential.uasset" 250
"../../../../../UE4_Projects_D/RELEASES/Reactive_Water - for4-20/Content/_Marvelmaster_infinite_reactive_water_/Materials/ParticleMaterials/Rainfall_mat.uasset" 251
"../../../../../UE4_Projects_D/RELEASES/Reactive_Water - for4-20/Content/_Marvelmaster_infinite_reactive_water_/Particles/Rainfall_ps.uasset" 252
"../../../../../UE4_Projects_D/RELEASES/Reactive_Water - for4-20/Content/ThirdPersonBP/Maps/ReactiveWater_Showcase.umap" 253
"../../../Engine/Content/Maps/Entry_BuiltData.uasset" 254
"../../../Engine/Content/Maps/Entry.umap" 255
